2025-04-04 08:57:58.143157 - Received CBT.V508.FILE389.PDS from FILE389.XMI 
2025-04-04 08:57:58.145168 - Found $$$$$$$$.txt (text/plain) in CBT.V508.FILE389.PDS, moved to PDS/$$$$$$$$
2025-04-04 08:57:58.145316 - Found $$$#DATE.txt (text/plain) in CBT.V508.FILE389.PDS, moved to PDS/$$$#DATE
2025-04-04 08:57:58.145458 - Found $$JCL.txt (text/plain) in CBT.V508.FILE389.PDS, moved to PDS/$$JCL
2025-04-04 08:57:58.145595 - Found $CLDOC.txt (text/plain) in CBT.V508.FILE389.PDS, moved to PDS/$CLDOC
2025-04-04 08:57:58.145723 - Found $CLJCL.jcl (text/plain) in CBT.V508.FILE389.PDS, moved to PDS/$CLJCL
2025-04-04 08:57:58.145842 - Found $HELP.txt (text/plain) in CBT.V508.FILE389.PDS, moved to PDS/$HELP
2025-04-04 08:57:58.145973 - Found $INST220.txt (text/plain) in CBT.V508.FILE389.PDS, moved to PDS/$INST220
2025-04-04 08:57:58.146141 - Found $JCL220.jcl (text/plain) in CBT.V508.FILE389.PDS, moved to PDS/$JCL220
2025-04-04 08:57:58.146270 - Found $JQT.txt (text/plain) in CBT.V508.FILE389.PDS, moved to PDS/$JQT
2025-04-04 08:57:58.146389 - Found $JQTO.txt (text/plain) in CBT.V508.FILE389.PDS, moved to PDS/$JQTO
2025-04-04 08:57:58.146529 - Found $LOG.txt (text/plain) in CBT.V508.FILE389.PDS, moved to PDS/$LOG
2025-04-04 08:57:58.146651 - Found $NCCSJCL.jcl (text/plain) in CBT.V508.FILE389.PDS, moved to PDS/$NCCSJCL
2025-04-04 08:57:58.146773 - Found $NCCSJC1.jcl (text/plain) in CBT.V508.FILE389.PDS, moved to PDS/$NCCSJC1
2025-04-04 08:57:58.146902 - Found $ONLDOC.txt (text/plain) in CBT.V508.FILE389.PDS, moved to PDS/$ONLDOC
2025-04-04 08:57:58.147026 - Found $RNBDOC.txt (text/plain) in CBT.V508.FILE389.PDS, moved to PDS/$RNBDOC
2025-04-04 08:57:58.147148 - Found $SBGDOC.txt (text/plain) in CBT.V508.FILE389.PDS, moved to PDS/$SBGDOC
2025-04-04 08:57:58.147293 - Found $UFDOC.txt (text/plain) in CBT.V508.FILE389.PDS, moved to PDS/$UFDOC
2025-04-04 08:57:58.147436 - Found $WGHDOC.txt (text/plain) in CBT.V508.FILE389.PDS, moved to PDS/$WGHDOC
2025-04-04 08:57:58.147578 - Found @COMPLIB.jcl (text/plain) in CBT.V508.FILE389.PDS, moved to PDS/@COMPLIB
2025-04-04 08:57:58.147705 - Found @FILE389.txt (text/plain) in CBT.V508.FILE389.PDS, moved to PDS/@FILE389
2025-04-04 08:57:58.147832 - Found ACTIVE.txt (text/plain) in CBT.V508.FILE389.PDS, moved to PDS/ACTIVE
2025-04-04 08:57:58.147958 - Found ACTIVEO.txt (text/plain) in CBT.V508.FILE389.PDS, moved to PDS/ACTIVEO
2025-04-04 08:57:58.148083 - Found ALLOCATE.txt (text/plain) in CBT.V508.FILE389.PDS, moved to PDS/ALLOCATE
2025-04-04 08:57:58.148208 - Found ALLOCATO.txt (text/plain) in CBT.V508.FILE389.PDS, moved to PDS/ALLOCATO
2025-04-04 08:57:58.148339 - Found AUTH.txt (text/plain) in CBT.V508.FILE389.PDS, moved to PDS/AUTH
2025-04-04 08:57:58.148469 - Found CDIE.txt (text/plain) in CBT.V508.FILE389.PDS, moved to PDS/CDIE
2025-04-04 08:57:58.148600 - Found CHCT.txt (text/plain) in CBT.V508.FILE389.PDS, moved to PDS/CHCT
2025-04-04 08:57:58.148734 - Found CHCTO.txt (text/plain) in CBT.V508.FILE389.PDS, moved to PDS/CHCTO
2025-04-04 08:57:58.148874 - Found CIOT.txt (text/plain) in CBT.V508.FILE389.PDS, moved to PDS/CIOT
2025-04-04 08:57:58.148990 - Found CJCT.txt (text/plain) in CBT.V508.FILE389.PDS, moved to PDS/CJCT
2025-04-04 08:57:58.149111 - Found CJHIST.txt (text/plain) in CBT.V508.FILE389.PDS, moved to PDS/CJHIST
2025-04-04 08:57:58.149230 - Found CJOE.txt (text/plain) in CBT.V508.FILE389.PDS, moved to PDS/CJOE
2025-04-04 08:57:58.149349 - Found CJQE.txt (text/plain) in CBT.V508.FILE389.PDS, moved to PDS/CJQE
2025-04-04 08:57:58.149461 - Found CKPT.txt (text/plain) in CBT.V508.FILE389.PDS, moved to PDS/CKPT
2025-04-04 08:57:58.149588 - Found CKPTBSAM.txt (text/plain) in CBT.V508.FILE389.PDS, moved to PDS/CKPTBSAM
2025-04-04 08:57:58.149725 - Found CPDDB.txt (text/plain) in CBT.V508.FILE389.PDS, moved to PDS/CPDDB
2025-04-04 08:57:58.149844 - Found CPFK.txt (text/plain) in CBT.V508.FILE389.PDS, moved to PDS/CPFK
2025-04-04 08:57:58.149971 - Found CQUIET.txt (text/plain) in CBT.V508.FILE389.PDS, moved to PDS/CQUIET
2025-04-04 08:57:58.150104 - Found CSPIN.txt (text/plain) in CBT.V508.FILE389.PDS, moved to PDS/CSPIN
2025-04-04 08:57:58.150224 - Found CSPINO.txt (text/plain) in CBT.V508.FILE389.PDS, moved to PDS/CSPINO
2025-04-04 08:57:58.150332 - Found CTGPS.txt (text/plain) in CBT.V508.FILE389.PDS, moved to PDS/CTGPS
2025-04-04 08:57:58.150442 - Found CTSO.txt (text/plain) in CBT.V508.FILE389.PDS, moved to PDS/CTSO
2025-04-04 08:57:58.150557 - Found DDNAME.txt (text/plain) in CBT.V508.FILE389.PDS, moved to PDS/DDNAME
2025-04-04 08:57:58.150684 - Found DDNAMEO.txt (text/plain) in CBT.V508.FILE389.PDS, moved to PDS/DDNAMEO
2025-04-04 08:57:58.150800 - Found DDNAMEX.txt (text/plain) in CBT.V508.FILE389.PDS, moved to PDS/DDNAMEX
2025-04-04 08:57:58.150916 - Found DISPLAY.txt (text/plain) in CBT.V508.FILE389.PDS, moved to PDS/DISPLAY
2025-04-04 08:57:58.151044 - Found DISPLAYO.txt (text/plain) in CBT.V508.FILE389.PDS, moved to PDS/DISPLAYO
2025-04-04 08:57:58.151154 - Found FINDJOB.txt (text/plain) in CBT.V508.FILE389.PDS, moved to PDS/FINDJOB
2025-04-04 08:57:58.151262 - Found FINDJOBO.txt (text/plain) in CBT.V508.FILE389.PDS, moved to PDS/FINDJOBO
2025-04-04 08:57:58.151374 - Found FINDPDDB.txt (text/plain) in CBT.V508.FILE389.PDS, moved to PDS/FINDPDDB
2025-04-04 08:57:58.151492 - Found FORMAT.txt (text/plain) in CBT.V508.FILE389.PDS, moved to PDS/FORMAT
2025-04-04 08:57:58.151603 - Found FORMATO.txt (text/plain) in CBT.V508.FILE389.PDS, moved to PDS/FORMATO
2025-04-04 08:57:58.151721 - Found HELP.txt (text/plain) in CBT.V508.FILE389.PDS, moved to PDS/HELP
2025-04-04 08:57:58.151853 - Found HELPO.txt (text/plain) in CBT.V508.FILE389.PDS, moved to PDS/HELPO
2025-04-04 08:57:58.151978 - Found HEXBLK.txt (text/plain) in CBT.V508.FILE389.PDS, moved to PDS/HEXBLK
2025-04-04 08:57:58.152090 - Found HEXDUMP.txt (text/plain) in CBT.V508.FILE389.PDS, moved to PDS/HEXDUMP
2025-04-04 08:57:58.152221 - Found INIT.txt (text/plain) in CBT.V508.FILE389.PDS, moved to PDS/INIT
2025-04-04 08:57:58.152337 - Found INITO.txt (text/plain) in CBT.V508.FILE389.PDS, moved to PDS/INITO
2025-04-04 08:57:58.152450 - Found INITS.txt (text/plain) in CBT.V508.FILE389.PDS, moved to PDS/INITS
2025-04-04 08:57:58.152566 - Found JCL.txt (text/plain) in CBT.V508.FILE389.PDS, moved to PDS/JCL
2025-04-04 08:57:58.152673 - Found JLOG.txt (text/plain) in CBT.V508.FILE389.PDS, moved to PDS/JLOG
2025-04-04 08:57:58.152794 - Found JMSG.txt (text/plain) in CBT.V508.FILE389.PDS, moved to PDS/JMSG
2025-04-04 08:57:58.152908 - Found LIST.txt (text/plain) in CBT.V508.FILE389.PDS, moved to PDS/LIST
2025-04-04 08:57:58.153020 - Found LISTDS.txt (text/plain) in CBT.V508.FILE389.PDS, moved to PDS/LISTDS
2025-04-04 08:57:58.153157 - Found NULLDSID.txt (text/plain) in CBT.V508.FILE389.PDS, moved to PDS/NULLDSID
2025-04-04 08:57:58.153285 - Found PARSE.txt (text/plain) in CBT.V508.FILE389.PDS, moved to PDS/PARSE
2025-04-04 08:57:58.153399 - Found PRINT.txt (text/plain) in CBT.V508.FILE389.PDS, moved to PDS/PRINT
2025-04-04 08:57:58.153681 - Found QAUTHCK.txt (text/plain) in CBT.V508.FILE389.PDS, moved to PDS/QAUTHCK
2025-04-04 08:57:58.153800 - Found QCOMMON.txt (text/plain) in CBT.V508.FILE389.PDS, moved to PDS/QCOMMON
2025-04-04 08:57:58.153927 - Found QCXX0001.txt (text/plain) in CBT.V508.FILE389.PDS, moved to PDS/QCXX0001
2025-04-04 08:57:58.154059 - Found QPRBGEN.txt (text/plain) in CBT.V508.FILE389.PDS, moved to PDS/QPRBGEN
2025-04-04 08:57:58.154176 - Found QSCE.txt (text/plain) in CBT.V508.FILE389.PDS, moved to PDS/QSCE
2025-04-04 08:57:58.154300 - Found QSTART.txt (text/plain) in CBT.V508.FILE389.PDS, moved to PDS/QSTART
2025-04-04 08:57:58.154412 - Found QSTOP.txt (text/plain) in CBT.V508.FILE389.PDS, moved to PDS/QSTOP
2025-04-04 08:57:58.154528 - Found QTILT.txt (text/plain) in CBT.V508.FILE389.PDS, moved to PDS/QTILT
2025-04-04 08:57:58.154636 - Found QUEUE.txt (text/plain) in CBT.V508.FILE389.PDS, moved to PDS/QUEUE
2025-04-04 08:57:58.154751 - Found Q0.txt (text/plain) in CBT.V508.FILE389.PDS, moved to PDS/Q0
2025-04-04 08:57:58.154872 - Found READSPC.txt (text/plain) in CBT.V508.FILE389.PDS, moved to PDS/READSPC
2025-04-04 08:57:58.154984 - Found REPOS.txt (text/plain) in CBT.V508.FILE389.PDS, moved to PDS/REPOS
2025-04-04 08:57:58.155114 - Found SAVE.txt (text/plain) in CBT.V508.FILE389.PDS, moved to PDS/SAVE
2025-04-04 08:57:58.155225 - Found SAVEO.txt (text/plain) in CBT.V508.FILE389.PDS, moved to PDS/SAVEO
2025-04-04 08:57:58.155346 - Found SEARCH.txt (text/plain) in CBT.V508.FILE389.PDS, moved to PDS/SEARCH
2025-04-04 08:57:58.155461 - Found SEARCHO.txt (text/plain) in CBT.V508.FILE389.PDS, moved to PDS/SEARCHO
2025-04-04 08:57:58.155575 - Found SEARCHP.txt (text/plain) in CBT.V508.FILE389.PDS, moved to PDS/SEARCHP
2025-04-04 08:57:58.155686 - Found SYSLOG.txt (text/plain) in CBT.V508.FILE389.PDS, moved to PDS/SYSLOG
2025-04-04 08:57:58.155798 - Found SYSOUT.txt (text/plain) in CBT.V508.FILE389.PDS, moved to PDS/SYSOUT
2025-04-04 08:57:58.155915 - Found XDS.txt (text/plain) in CBT.V508.FILE389.PDS, moved to PDS/XDS
